<?xml version="1.0" encoding="UTF-8"?>
<!-- Generated by org.testng.reporters.JUnitReportReporter -->
<testsuite hostname="LAPTOP-JNESKM56" failures="0" tests="6" name="tests.CalendarTest" time="1.175" errors="0" timestamp="2026-01-07T14:51:54 IST" skipped="0">
  <testcase classname="tests.CalendarTest" name="verifyCalendarLoads" time="0.046"/>
  <testcase classname="tests.CalendarTest" name="verifyMonthWeekDayViewSwitch" time="0.419"/>
  <testcase classname="tests.CalendarTest" name="verifyTodayButton" time="0.347"/>
  <testcase classname="tests.CalendarTest" name="verifyNextAndPreviousNavigation" time="0.343"/>
  <testcase classname="tests.CalendarTest" name="verifySessionsDisplayed" time="0.016"/>
  <testcase classname="tests.CalendarTest" name="verifyLeaveDisplay" time="0.004"/>
</testsuite> <!-- tests.CalendarTest -->
