<?xml version="1.0" encoding="UTF-8"?>
<testng-results ignored="0" total="10" passed="9" failed="1" skipped="0">
  <reporter-output>
  </reporter-output>
  <suite started-at="2026-01-07T14:50:23 IST" name="Automation Suite" finished-at="2026-01-07T14:51:53 IST" duration-ms="90122">
    <groups>
    </groups>
    <test started-at="2026-01-07T14:50:23 IST" name="Regression Login" finished-at="2026-01-07T14:51:53 IST" duration-ms="90122">
      <class name="tests.LoginTest">
        <test-method is-config="true" signature="setUp()[pri:0, instance:tests.LoginTest@7e07db1f]" started-at="2026-01-07T14:50:23 IST" name="setUp" finished-at="2026-01-07T14:50:31 IST" duration-ms="8077" status="PASS">
          <reporter-output>
          </reporter-output>
        </test-method> <!-- setUp -->
        <test-method signature="validLoginTest()[pri:1, instance:tests.LoginTest@7e07db1f]" started-at="2026-01-07T14:50:31 IST" name="validLoginTest" finished-at="2026-01-07T14:50:32 IST" duration-ms="978" status="PASS">
          <reporter-output>
          </reporter-output>
        </test-method> <!-- validLoginTest -->
      </class> <!-- tests.LoginTest -->
      <class name="tests.SelectGrade8CourseTest">
        <test-method signature="Courseclick()[pri:9, instance:tests.SelectGrade8CourseTest@36902638]" started-at="2026-01-07T14:51:13 IST" name="Courseclick" finished-at="2026-01-07T14:51:16 IST" duration-ms="3139" status="PASS">
          <reporter-output>
          </reporter-output>
        </test-method> <!-- Courseclick -->
        <test-method signature="verifyGrade8CourseSelection()[pri:10, instance:tests.SelectGrade8CourseTest@36902638]" started-at="2026-01-07T14:51:16 IST" name="verifyGrade8CourseSelection" finished-at="2026-01-07T14:51:53 IST" duration-ms="37093" status="FAIL">
          <exception class="org.openqa.selenium.TimeoutException">
            <message>
              <![CDATA[Expected condition failed: waiting for element to be clickable: By.xpath: //h2[normalize-space()='Introduction to Force']/ancestor::div[contains(@class,'cursor-pointer') or contains(@class,'rounded')] (tried for 30 second(s) with 500 milliseconds interval)
Build info: version: '4.39.0', revision: '126f156aee'
System info: os.name: 'Windows 11', os.arch: 'amd64', os.version: '10.0', java.version: '25.0.1'
Driver info: org.openqa.selenium.chrome.ChromeDriver
Capabilities {acceptInsecureCerts: false, browserName: chrome, browserVersion: 143.0.7499.170, chrome: {chromedriverVersion: 143.0.7499.192 (be2c1f4fd45..., userDataDir: C:\Users\HARISH~1\AppData\L...}, fedcm:accounts: true, goog:chromeOptions: {debuggerAddress: localhost:52974}, goog:processID: 33840, networkConnectionEnabled: false, pageLoadStrategy: normal, platformName: windows, proxy: Proxy(), se:cdp: ws://localhost:52974/devtoo..., se:cdpVersion: 143.0.7499.170, setWindowRect: true, strictFileInteractability: false, timeouts: {implicit: 0, pageLoad: 300000, script: 30000}, unhandledPromptBehavior: dismiss and notify, webauthn:extension:credBlob: true, webauthn:extension:largeBlob: true, webauthn:extension:minPinLength: true, webauthn:extension:prf: true, webauthn:virtualAuthenticators: true}
Session ID: 1311039e34c6a3863f7ee5faf1494c0a]]>
            </message>
            <full-stacktrace>
              <![CDATA[org.openqa.selenium.TimeoutException: Expected condition failed: waiting for element to be clickable: By.xpath: //h2[normalize-space()='Introduction to Force']/ancestor::div[contains(@class,'cursor-pointer') or contains(@class,'rounded')] (tried for 30 second(s) with 500 milliseconds interval)
Build info: version: '4.39.0', revision: '126f156aee'
System info: os.name: 'Windows 11', os.arch: 'amd64', os.version: '10.0', java.version: '25.0.1'
Driver info: org.openqa.selenium.chrome.ChromeDriver
Capabilities {acceptInsecureCerts: false, browserName: chrome, browserVersion: 143.0.7499.170, chrome: {chromedriverVersion: 143.0.7499.192 (be2c1f4fd45..., userDataDir: C:\Users\HARISH~1\AppData\L...}, fedcm:accounts: true, goog:chromeOptions: {debuggerAddress: localhost:52974}, goog:processID: 33840, networkConnectionEnabled: false, pageLoadStrategy: normal, platformName: windows, proxy: Proxy(), se:cdp: ws://localhost:52974/devtoo..., se:cdpVersion: 143.0.7499.170, setWindowRect: true, strictFileInteractability: false, timeouts: {implicit: 0, pageLoad: 300000, script: 30000}, unhandledPromptBehavior: dismiss and notify, webauthn:extension:credBlob: true, webauthn:extension:largeBlob: true, webauthn:extension:minPinLength: true, webauthn:extension:prf: true, webauthn:virtualAuthenticators: true}
Session ID: 1311039e34c6a3863f7ee5faf1494c0a
at org.openqa.selenium.support.ui.WebDriverWait.timeoutException(WebDriverWait.java:84)
at org.openqa.selenium.support.ui.FluentWait.until(FluentWait.java:228)
at base.BasePage.waitForClickable(BasePage.java:37)
at base.BasePage.click(BasePage.java:57)
at pages.CoursesPage.selectlesson(CoursesPage.java:44)
at tests.SelectGrade8CourseTest.verifyGrade8CourseSelection(SelectGrade8CourseTest.java:29)
at java.base/jdk.internal.reflect.DirectMethodHandleAccessor.invoke(DirectMethodHandleAccessor.java:104)
at java.base/java.lang.reflect.Method.invoke(Method.java:565)
at org.testng.internal.invokers.MethodInvocationHelper.invokeMethod(MethodInvocationHelper.java:141)
at org.testng.internal.invokers.TestInvoker.invokeMethod(TestInvoker.java:687)
at org.testng.internal.invokers.TestInvoker.invokeTestMethod(TestInvoker.java:230)
at org.testng.internal.invokers.MethodRunner.runInSequence(MethodRunner.java:63)
at org.testng.internal.invokers.TestInvoker$MethodInvocationAgent.invoke(TestInvoker.java:995)
at org.testng.internal.invokers.TestInvoker.invokeTestMethods(TestInvoker.java:203)
at org.testng.internal.invokers.TestMethodWorker.invokeTestMethods(TestMethodWorker.java:154)
at org.testng.internal.invokers.TestMethodWorker.run(TestMethodWorker.java:134)
at java.base/java.util.ArrayList.forEach(ArrayList.java:1604)
at org.testng.TestRunner.privateRun(TestRunner.java:741)
at org.testng.TestRunner.run(TestRunner.java:616)
at org.testng.SuiteRunner.runTest(SuiteRunner.java:421)
at org.testng.SuiteRunner$SuiteWorker.run(SuiteRunner.java:463)
at org.testng.internal.thread.ThreadUtil.lambda$execute$0(ThreadUtil.java:64)
at java.base/java.util.concurrent.FutureTask.run(FutureTask.java:328)
at java.base/java.util.concurrent.ThreadPoolExecutor.runWorker(ThreadPoolExecutor.java:1090)
at java.base/java.util.concurrent.ThreadPoolExecutor$Worker.run(ThreadPoolExecutor.java:614)
at java.base/java.lang.Thread.run(Thread.java:1474)
]]>
            </full-stacktrace>
          </exception> <!-- org.openqa.selenium.TimeoutException -->
          <reporter-output>
          </reporter-output>
        </test-method> <!-- verifyGrade8CourseSelection -->
      </class> <!-- tests.SelectGrade8CourseTest -->
      <class name="tests.CalendarTest">
        <test-method signature="verifyCalendarLoads()[pri:3, instance:tests.CalendarTest@1d2adfbe]" started-at="2026-01-07T14:51:12 IST" name="verifyCalendarLoads" finished-at="2026-01-07T14:51:12 IST" duration-ms="46" status="PASS">
          <reporter-output>
          </reporter-output>
        </test-method> <!-- verifyCalendarLoads -->
        <test-method signature="verifyMonthWeekDayViewSwitch()[pri:4, instance:tests.CalendarTest@1d2adfbe]" started-at="2026-01-07T14:51:12 IST" name="verifyMonthWeekDayViewSwitch" finished-at="2026-01-07T14:51:12 IST" duration-ms="419" status="PASS">
          <reporter-output>
          </reporter-output>
        </test-method> <!-- verifyMonthWeekDayViewSwitch -->
        <test-method signature="verifyTodayButton()[pri:5, instance:tests.CalendarTest@1d2adfbe]" started-at="2026-01-07T14:51:12 IST" name="verifyTodayButton" finished-at="2026-01-07T14:51:13 IST" duration-ms="347" status="PASS">
          <reporter-output>
          </reporter-output>
        </test-method> <!-- verifyTodayButton -->
        <test-method signature="verifyNextAndPreviousNavigation()[pri:6, instance:tests.CalendarTest@1d2adfbe]" started-at="2026-01-07T14:51:13 IST" name="verifyNextAndPreviousNavigation" finished-at="2026-01-07T14:51:13 IST" duration-ms="343" status="PASS">
          <reporter-output>
          </reporter-output>
        </test-method> <!-- verifyNextAndPreviousNavigation -->
        <test-method signature="verifySessionsDisplayed()[pri:7, instance:tests.CalendarTest@1d2adfbe]" started-at="2026-01-07T14:51:13 IST" name="verifySessionsDisplayed" finished-at="2026-01-07T14:51:13 IST" duration-ms="16" status="PASS">
          <reporter-output>
          </reporter-output>
        </test-method> <!-- verifySessionsDisplayed -->
        <test-method signature="verifyLeaveDisplay()[pri:8, instance:tests.CalendarTest@1d2adfbe]" started-at="2026-01-07T14:51:13 IST" name="verifyLeaveDisplay" finished-at="2026-01-07T14:51:13 IST" duration-ms="4" status="PASS">
          <reporter-output>
          </reporter-output>
        </test-method> <!-- verifyLeaveDisplay -->
      </class> <!-- tests.CalendarTest -->
      <class name="tests.DashboardRegressionTest">
        <test-method signature="verifyDashboardMenuClicks()[pri:2, instance:tests.DashboardRegressionTest@49ec71f8]" started-at="2026-01-07T14:50:32 IST" name="verifyDashboardMenuClicks" finished-at="2026-01-07T14:51:12 IST" duration-ms="39526" status="PASS">
          <reporter-output>
          </reporter-output>
        </test-method> <!-- verifyDashboardMenuClicks -->
      </class> <!-- tests.DashboardRegressionTest -->
    </test> <!-- Regression Login -->
  </suite> <!-- Automation Suite -->
</testng-results>
