<?xml version="1.0" encoding="UTF-8"?>
<!-- Generated by org.testng.reporters.JUnitXMLReporter -->
<testsuite ignored="0" hostname="LAPTOP-JNESKM56" failures="1" tests="10" name="Regression Login" time="90.122" errors="0" timestamp="2026-01-07T14:51:53 IST">
  <testcase classname="tests.LoginTest" name="validLoginTest" time="0.978"/>
  <testcase classname="tests.DashboardRegressionTest" name="verifyDashboardMenuClicks" time="39.526"/>
  <testcase classname="tests.CalendarTest" name="verifyCalendarLoads" time="0.046"/>
  <testcase classname="tests.CalendarTest" name="verifyMonthWeekDayViewSwitch" time="0.419"/>
  <testcase classname="tests.CalendarTest" name="verifyTodayButton" time="0.347"/>
  <testcase classname="tests.CalendarTest" name="verifyNextAndPreviousNavigation" time="0.343"/>
  <testcase classname="tests.CalendarTest" name="verifySessionsDisplayed" time="0.016"/>
  <testcase classname="tests.CalendarTest" name="verifyLeaveDisplay" time="0.004"/>
  <testcase classname="tests.SelectGrade8CourseTest" name="Courseclick" time="3.139"/>
  <testcase classname="tests.SelectGrade8CourseTest" name="verifyGrade8CourseSelection" time="37.093">
    <failure type="org.openqa.selenium.TimeoutException" message="Expected condition failed: waiting for element to be clickable: By.xpath: //h2[normalize-space()=&amp;apos;Introduction to Force&amp;apos;]/ancestor::div[contains(@class,&amp;apos;cursor-pointer&amp;apos;) or contains(@class,&amp;apos;rounded&amp;apos;)] (tried for 30 second(s) with 500 milliseconds interval)
Build info: version: &amp;apos;4.39.0&amp;apos;, revision: &amp;apos;126f156aee&amp;apos;
System info: os.name: &amp;apos;Windows 11&amp;apos;, os.arch: &amp;apos;amd64&amp;apos;, os.version: &amp;apos;10.0&amp;apos;, java.version: &amp;apos;25.0.1&amp;apos;
Driver info: org.openqa.selenium.chrome.ChromeDriver
Capabilities {acceptInsecureCerts: false, browserName: chrome, browserVersion: 143.0.7499.170, chrome: {chromedriverVersion: 143.0.7499.192 (be2c1f4fd45..., userDataDir: C:\Users\HARISH~1\AppData\L...}, fedcm:accounts: true, goog:chromeOptions: {debuggerAddress: localhost:52974}, goog:processID: 33840, networkConnectionEnabled: false, pageLoadStrategy: normal, platformName: windows, proxy: Proxy(), se:cdp: ws://localhost:52974/devtoo..., se:cdpVersion: 143.0.7499.170, setWindowRect: true, strictFileInteractability: false, timeouts: {implicit: 0, pageLoad: 300000, script: 30000}, unhandledPromptBehavior: dismiss and notify, webauthn:extension:credBlob: true, webauthn:extension:largeBlob: true, webauthn:extension:minPinLength: true, webauthn:extension:prf: true, webauthn:virtualAuthenticators: true}
Session ID: 1311039e34c6a3863f7ee5faf1494c0a">
      <![CDATA[org.openqa.selenium.TimeoutException: Expected condition failed: waiting for element to be clickable: By.xpath: //h2[normalize-space()='Introduction to Force']/ancestor::div[contains(@class,'cursor-pointer') or contains(@class,'rounded')] (tried for 30 second(s) with 500 milliseconds interval)
Build info: version: '4.39.0', revision: '126f156aee'
System info: os.name: 'Windows 11', os.arch: 'amd64', os.version: '10.0', java.version: '25.0.1'
Driver info: org.openqa.selenium.chrome.ChromeDriver
Capabilities {acceptInsecureCerts: false, browserName: chrome, browserVersion: 143.0.7499.170, chrome: {chromedriverVersion: 143.0.7499.192 (be2c1f4fd45..., userDataDir: C:\Users\HARISH~1\AppData\L...}, fedcm:accounts: true, goog:chromeOptions: {debuggerAddress: localhost:52974}, goog:processID: 33840, networkConnectionEnabled: false, pageLoadStrategy: normal, platformName: windows, proxy: Proxy(), se:cdp: ws://localhost:52974/devtoo..., se:cdpVersion: 143.0.7499.170, setWindowRect: true, strictFileInteractability: false, timeouts: {implicit: 0, pageLoad: 300000, script: 30000}, unhandledPromptBehavior: dismiss and notify, webauthn:extension:credBlob: true, webauthn:extension:largeBlob: true, webauthn:extension:minPinLength: true, webauthn:extension:prf: true, webauthn:virtualAuthenticators: true}
Session ID: 1311039e34c6a3863f7ee5faf1494c0a
at org.openqa.selenium.support.ui.WebDriverWait.timeoutException(WebDriverWait.java:84)
at org.openqa.selenium.support.ui.FluentWait.until(FluentWait.java:228)
at base.BasePage.waitForClickable(BasePage.java:37)
at base.BasePage.click(BasePage.java:57)
at pages.CoursesPage.selectlesson(CoursesPage.java:44)
at tests.SelectGrade8CourseTest.verifyGrade8CourseSelection(SelectGrade8CourseTest.java:29)
at java.base/java.util.ArrayList.forEach(ArrayList.java:1604)
at java.base/java.util.concurrent.FutureTask.run(FutureTask.java:328)
at java.base/java.util.concurrent.ThreadPoolExecutor.runWorker(ThreadPoolExecutor.java:1090)
at java.base/java.util.concurrent.ThreadPoolExecutor$Worker.run(ThreadPoolExecutor.java:614)
at java.base/java.lang.Thread.run(Thread.java:1474)
... Removed 15 stack frames]]>
    </failure>
  </testcase> <!-- verifyGrade8CourseSelection -->
</testsuite> <!-- Regression Login -->
