<?xml version="1.0" encoding="UTF-8"?>
<!-- Generated by org.testng.reporters.JUnitXMLReporter -->
<testsuite ignored="0" hostname="LAPTOP-JNESKM56" failures="0" tests="10" name="Regression Login" time="166.797" errors="0" timestamp="2025-12-24T13:10:51 IST">
  <testcase classname="tests.LoginTest" name="validLoginTest" time="10.74"/>
  <testcase classname="tests.DashboardRegressionTest" name="verifyDashboardMenuClicks" time="101.709"/>
  <testcase classname="tests.CalendarTest" name="verifyCalendarLoads" time="0.047"/>
  <testcase classname="tests.CalendarTest" name="verifyMonthWeekDayViewSwitch" time="0.469"/>
  <testcase classname="tests.CalendarTest" name="verifyTodayButton" time="0.336"/>
  <testcase classname="tests.CalendarTest" name="verifyNextAndPreviousNavigation" time="0.343"/>
  <testcase classname="tests.CalendarTest" name="verifySessionsDisplayed" time="0.042"/>
  <testcase classname="tests.CalendarTest" name="verifyLeaveDisplay" time="0.015"/>
  <testcase classname="tests.SelectGrade8CourseTest" name="Courseclick" time="10.166"/>
  <testcase classname="tests.SelectGrade8CourseTest" name="verifyGrade8CourseSelection" time="35.974"/>
</testsuite> <!-- Regression Login -->
